#
# There is insufficient memory for the Java Runtime Environment to continue.
# Native memory allocation (malloc) failed to allocate 1217616 bytes for Chunk::new
# Possible reasons:
#   The system is out of physical RAM or swap space
#   The process is running with CompressedOops enabled, and the Java Heap may be blocking the growth of the native heap
# Possible solutions:
#   Reduce memory load on the system
#   Increase physical memory or swap space
#   Check if swap backing store is full
#   Decrease Java heap size (-Xmx/-Xms)
#   Decrease number of Java threads
#   Decrease Java thread stack sizes (-Xss)
#   Set larger code cache with -XX:ReservedCodeCacheSize=
#   JVM is running with Zero Based Compressed Oops mode in which the Java heap is
#     placed in the first 32GB address space. The Java Heap base address is the
#     maximum limit for the native heap growth. Please use -XX:HeapBaseMinAddress
#     to set the Java Heap base and to place the Java Heap above 32GB virtual address.
# This output file may be truncated or incomplete.
#
#  Out of Memory Error (arena.cpp:195), pid=7816, tid=18212
#
# JRE version: Java(TM) SE Runtime Environment (16.0+36) (build 16+36-2231)
# Java VM: Java HotSpot(TM) 64-Bit Server VM (16+36-2231, mixed mode, sharing, tiered, compressed oops, g1 gc, windows-amd64)
# No core dump will be written. Minidumps are not enabled by default on client versions of Windows
#

---------------  S U M M A R Y ------------

Command Line: -Dfile.encoding=UTF-8 --module-path=C:\Program Files\Java\javafx-sdk-16\lib --add-modules=javafx.controls,javafx.fxml,javafx.media clementine.Clementine

Host: AMD Ryzen 7 3750H with Radeon Vega Mobile Gfx  , 8 cores, 15G,  Windows 10 , 64 bit Build 19041 (10.0.19041.928)
Time: Sat May 15 22:31:52 2021 Sri Lanka Standard Time elapsed time: 4.141642 seconds (0d 0h 0m 4s)

---------------  T H R E A D  ---------------

Current thread (0x000001fa679e1d90):  JavaThread "C2 CompilerThread0" daemon [_thread_in_native, id=18212, stack(0x000000f144f00000,0x000000f145000000)]


Current CompileTask:
C2:   4141 2389       4       com.sun.javafx.css.StyleMap::getCascadingStyles (384 bytes)

Stack: [0x000000f144f00000,0x000000f145000000]
Native frames: (J=compiled Java code, j=interpreted, Vv=VM code, C=native code)
V  [jvm.dll+0x6681da]
V  [jvm.dll+0x7c9d99]
V  [jvm.dll+0x7cb4d3]
V  [jvm.dll+0x7cbb33]
V  [jvm.dll+0x242ee5]
V  [jvm.dll+0xadeca]
V  [jvm.dll+0xae5ac]
V  [jvm.dll+0x35a8f2]
V  [jvm.dll+0x324df1]
V  [jvm.dll+0x32429a]
V  [jvm.dll+0x215f2c]
V  [jvm.dll+0x215340]
V  [jvm.dll+0x1a1d8b]
V  [jvm.dll+0x225398]
V  [jvm.dll+0x2233dc]
V  [jvm.dll+0x77f9e2]
V  [jvm.dll+0x77952a]
V  [jvm.dll+0x667076]
C  [ucrtbase.dll+0x21bb2]
C  [KERNEL32.DLL+0x17034]
C  [ntdll.dll+0x52651]


---------------  P R O C E S S  ---------------

Threads class SMR info:
_java_thread_list=0x000001fa707f94d0, length=20, elements={
0x000001fa44eabac0, 0x000001fa679cd040, 0x000001fa679ce3b0, 0x000001fa679d9140,
0x000001fa679daa60, 0x000001fa679dbb10, 0x000001fa679de640, 0x000001fa679e1d90,
0x000001fa679e2790, 0x000001fa679efc80, 0x000001fa684ca520, 0x000001fa68ae2960,
0x000001fa68ad2c70, 0x000001fa68b66350, 0x000001fa689419c0, 0x000001fa6fd0b2b0,
0x000001fa6fd0b800, 0x000001fa6fd0ad60, 0x000001fa6fd082e0, 0x000001fa707f59a0
}

Java Threads: ( => current thread )
  0x000001fa44eabac0 JavaThread "main" [_thread_blocked, id=7216, stack(0x000000f144200000,0x000000f144300000)]
  0x000001fa679cd040 JavaThread "Reference Handler" daemon [_thread_blocked, id=6072, stack(0x000000f144900000,0x000000f144a00000)]
  0x000001fa679ce3b0 JavaThread "Finalizer" daemon [_thread_blocked, id=11080, stack(0x000000f144a00000,0x000000f144b00000)]
  0x000001fa679d9140 JavaThread "Signal Dispatcher" daemon [_thread_blocked, id=12284, stack(0x000000f144b00000,0x000000f144c00000)]
  0x000001fa679daa60 JavaThread "Attach Listener" daemon [_thread_blocked, id=9384, stack(0x000000f144c00000,0x000000f144d00000)]
  0x000001fa679dbb10 JavaThread "Service Thread" daemon [_thread_blocked, id=7552, stack(0x000000f144d00000,0x000000f144e00000)]
  0x000001fa679de640 JavaThread "Monitor Deflation Thread" daemon [_thread_blocked, id=17448, stack(0x000000f144e00000,0x000000f144f00000)]
=>0x000001fa679e1d90 JavaThread "C2 CompilerThread0" daemon [_thread_in_native, id=18212, stack(0x000000f144f00000,0x000000f145000000)]
  0x000001fa679e2790 JavaThread "C1 CompilerThread0" daemon [_thread_in_vm, id=9224, stack(0x000000f145000000,0x000000f145100000)]
  0x000001fa679efc80 JavaThread "Sweeper thread" daemon [_thread_blocked, id=5108, stack(0x000000f145100000,0x000000f145200000)]
  0x000001fa684ca520 JavaThread "Common-Cleaner" daemon [_thread_blocked, id=17568, stack(0x000000f145200000,0x000000f145300000)]
  0x000001fa68ae2960 JavaThread "Notification Thread" daemon [_thread_blocked, id=3200, stack(0x000000f145500000,0x000000f145600000)]
  0x000001fa68ad2c70 JavaThread "QuantumRenderer-0" daemon [_thread_blocked, id=2228, stack(0x000000f145400000,0x000000f145500000)]
  0x000001fa68b66350 JavaThread "InvokeLaterDispatcher" daemon [_thread_blocked, id=7940, stack(0x000000f145300000,0x000000f145400000)]
  0x000001fa689419c0 JavaThread "JavaFX Application Thread" [_thread_blocked, id=5468, stack(0x000000f145a00000,0x000000f145b00000)]
  0x000001fa6fd0b2b0 JavaThread "JavaFX-Launcher" [_thread_blocked, id=17140, stack(0x000000f146200000,0x000000f146300000)]
  0x000001fa6fd0b800 JavaThread "Thread-2" daemon [_thread_in_native, id=11520, stack(0x000000f146100000,0x000000f146200000)]
  0x000001fa6fd0ad60 JavaThread "Prism Font Disposer" daemon [_thread_blocked, id=12236, stack(0x000000f146900000,0x000000f146a00000)]
  0x000001fa6fd082e0 JavaThread "Cleaner-0" daemon [_thread_blocked, id=2892, stack(0x000000f147310000,0x000000f147410000)]
  0x000001fa707f59a0 JavaThread "C2 CompilerThread1" daemon [_thread_blocked, id=13028, stack(0x000000f147470000,0x000000f147570000)]

Other Threads:
  0x000001fa679c7a40 VMThread "VM Thread" [stack: 0x000000f144800000,0x000000f144900000] [id=8580]
  0x000001fa687f46a0 WatcherThread [stack: 0x000000f145600000,0x000000f145700000] [id=3008]
  0x000001fa44efcbe0 GCTaskThread "GC Thread#0" [stack: 0x000000f144300000,0x000000f144400000] [id=4276]
  0x000001fa6fcda900 GCTaskThread "GC Thread#1" [stack: 0x000000f146300000,0x000000f146400000] [id=416]
  0x000001fa6fcdb850 GCTaskThread "GC Thread#2" [stack: 0x000000f146400000,0x000000f146500000] [id=7492]
  0x000001fa6fcdac10 GCTaskThread "GC Thread#3" [stack: 0x000000f146500000,0x000000f146600000] [id=1432]
  0x000001fa6fcdaf20 GCTaskThread "GC Thread#4" [stack: 0x000000f146600000,0x000000f146700000] [id=10544]
  0x000001fa6fcdcdc0 GCTaskThread "GC Thread#5" [stack: 0x000000f146700000,0x000000f146800000] [id=15872]
  0x000001fa6fcda5f0 GCTaskThread "GC Thread#6" [stack: 0x000000f146b00000,0x000000f146c00000] [id=5008]
  0x000001fa6fcdb540 GCTaskThread "GC Thread#7" [stack: 0x000000f146c00000,0x000000f146d00000] [id=17764]
  0x000001fa44f0d920 ConcurrentGCThread "G1 Main Marker" [stack: 0x000000f144400000,0x000000f144500000] [id=2668]
  0x000001fa44f0eab0 ConcurrentGCThread "G1 Conc#0" [stack: 0x000000f144500000,0x000000f144600000] [id=11144]
  0x000001fa44f85dc0 ConcurrentGCThread "G1 Refine#0" [stack: 0x000000f144600000,0x000000f144700000] [id=1768]
  0x000001fa6ff39cb0 ConcurrentGCThread "G1 Refine#1" [stack: 0x000000f146d00000,0x000000f146e00000] [id=13912]
  0x000001fa704304d0 ConcurrentGCThread "G1 Refine#2" [stack: 0x000000f146e00000,0x000000f146f00000] [id=10556]
  0x000001fa6ff3da50 ConcurrentGCThread "G1 Refine#3" [stack: 0x000000f146f00000,0x000000f147000000] [id=3360]
  0x000001fa70429340 ConcurrentGCThread "G1 Refine#4" [stack: 0x000000f147000000,0x000000f147100000] [id=15528]
  0x000001fa44f866d0 ConcurrentGCThread "G1 Service" [stack: 0x000000f144700000,0x000000f144800000] [id=12252]

Threads with active compile tasks:
C2 CompilerThread0     4170 2389       4       com.sun.javafx.css.StyleMap::getCascadingStyles (384 bytes)
C1 CompilerThread0     4170 2508       3       javafx.scene.Scene$MouseHandler::process (783 bytes)

VM state: not at safepoint (normal execution)

VM Mutex/Monitor currently owned by a thread: None

Heap address: 0x0000000703000000, size: 4048 MB, Compressed Oops mode: Zero based, Oop shift amount: 3
CDS archive(s) mapped at: [0x0000000800000000-0x0000000800bb0000-0x0000000800bb0000), size 12255232, SharedBaseAddress: 0x0000000800000000, ArchiveRelocationMode: 0.
Compressed class space mapped at: 0x0000000800c00000-0x0000000840c00000, reserved size: 1073741824
Narrow klass base: 0x0000000800000000, Narrow klass shift: 3, Narrow klass range: 0x100000000

GC Precious Log:
 CPUs: 8 total, 8 available
 Memory: 16191M
 Large Page Support: Disabled
 NUMA Support: Disabled
 Compressed Oops: Enabled (Zero based)
 Heap Region Size: 2M
 Heap Min Capacity: 8M
 Heap Initial Capacity: 254M
 Heap Max Capacity: 4048M
 Pre-touch: Disabled
 Parallel Workers: 8
 Concurrent Workers: 2
 Concurrent Refinement Workers: 8
 Periodic GC: Disabled

Heap:
 garbage-first heap   total 260096K, used 54240K [0x0000000703000000, 0x0000000800000000)
  region size 2048K, 9 young (18432K), 3 survivors (6144K)
 Metaspace       used 15453K, committed 15680K, reserved 1064960K
  class space    used 2197K, committed 2304K, reserved 1048576K

Heap Regions: E=young(eden), S=young(survivor), O=old, HS=humongous(starts), HC=humongous(continues), CS=collection set, F=free, OA=open archive, CA=closed archive, TAMS=top-at-mark-start (previous, next)
|   0|0x0000000703000000, 0x0000000703200000, 0x0000000703200000|100%|HS|  |TAMS 0x0000000703000000, 0x0000000703000000| Complete 
|   1|0x0000000703200000, 0x0000000703400000, 0x0000000703400000|100%|HC|  |TAMS 0x0000000703200000, 0x0000000703200000| Complete 
|   2|0x0000000703400000, 0x0000000703600000, 0x0000000703600000|100%|HC|  |TAMS 0x0000000703400000, 0x0000000703400000| Complete 
|   3|0x0000000703600000, 0x0000000703800000, 0x0000000703800000|100%|HC|  |TAMS 0x0000000703600000, 0x0000000703600000| Complete 
|   4|0x0000000703800000, 0x0000000703a00000, 0x0000000703a00000|100%|HC|  |TAMS 0x0000000703800000, 0x0000000703800000| Complete 
|   5|0x0000000703a00000, 0x0000000703c00000, 0x0000000703c00000|100%|HC|  |TAMS 0x0000000703a00000, 0x0000000703a00000| Complete 
|   6|0x0000000703c00000, 0x0000000703e00000, 0x0000000703e00000|100%|HC|  |TAMS 0x0000000703c00000, 0x0000000703c00000| Complete 
|   7|0x0000000703e00000, 0x0000000704000000, 0x0000000704000000|100%|HC|  |TAMS 0x0000000703e00000, 0x0000000703e00000| Complete 
|   8|0x0000000704000000, 0x0000000704200000, 0x0000000704200000|100%|HC|  |TAMS 0x0000000704000000, 0x0000000704000000| Complete 
|   9|0x0000000704200000, 0x0000000704400000, 0x0000000704400000|100%|HC|  |TAMS 0x0000000704200000, 0x0000000704200000| Complete 
|  10|0x0000000704400000, 0x0000000704600000, 0x0000000704600000|100%|HC|  |TAMS 0x0000000704400000, 0x0000000704400000| Complete 
|  11|0x0000000704600000, 0x0000000704800000, 0x0000000704800000|100%|HC|  |TAMS 0x0000000704600000, 0x0000000704600000| Complete 
|  12|0x0000000704800000, 0x0000000704a00000, 0x0000000704a00000|100%|HC|  |TAMS 0x0000000704800000, 0x0000000704800000| Complete 
|  13|0x0000000704a00000, 0x0000000704c00000, 0x0000000704c00000|100%|HC|  |TAMS 0x0000000704a00000, 0x0000000704a00000| Complete 
|  14|0x0000000704c00000, 0x0000000704e00000, 0x0000000704e00000|100%| O|  |TAMS 0x0000000704c00000, 0x0000000704c00000| Untracked 
|  15|0x0000000704e00000, 0x0000000705000000, 0x0000000705000000|100%| O|  |TAMS 0x0000000704e00000, 0x0000000704e00000| Untracked 
|  16|0x0000000705000000, 0x0000000705200000, 0x0000000705200000|100%| O|  |TAMS 0x0000000705000000, 0x0000000705000000| Untracked 
|  17|0x0000000705200000, 0x00000007052f8200, 0x0000000705400000| 48%| O|  |TAMS 0x0000000705200000, 0x0000000705200000| Untracked 
|  18|0x0000000705400000, 0x0000000705600000, 0x0000000705600000|100%|HS|  |TAMS 0x0000000705400000, 0x0000000705400000| Complete 
|  19|0x0000000705600000, 0x0000000705600000, 0x0000000705800000|  0%| F|  |TAMS 0x0000000705600000, 0x0000000705600000| Untracked 
|  20|0x0000000705800000, 0x0000000705800000, 0x0000000705a00000|  0%| F|  |TAMS 0x0000000705800000, 0x0000000705800000| Untracked 
|  21|0x0000000705a00000, 0x0000000705a00000, 0x0000000705c00000|  0%| F|  |TAMS 0x0000000705a00000, 0x0000000705a00000| Untracked 
|  22|0x0000000705c00000, 0x0000000705c00000, 0x0000000705e00000|  0%| F|  |TAMS 0x0000000705c00000, 0x0000000705c00000| Untracked 
|  23|0x0000000705e00000, 0x0000000705e00000, 0x0000000706000000|  0%| F|  |TAMS 0x0000000705e00000, 0x0000000705e00000| Untracked 
|  24|0x0000000706000000, 0x0000000706000000, 0x0000000706200000|  0%| F|  |TAMS 0x0000000706000000, 0x0000000706000000| Untracked 
|  25|0x0000000706200000, 0x0000000706200000, 0x0000000706400000|  0%| F|  |TAMS 0x0000000706200000, 0x0000000706200000| Untracked 
|  26|0x0000000706400000, 0x0000000706400000, 0x0000000706600000|  0%| F|  |TAMS 0x0000000706400000, 0x0000000706400000| Untracked 
|  27|0x0000000706600000, 0x0000000706600000, 0x0000000706800000|  0%| F|  |TAMS 0x0000000706600000, 0x0000000706600000| Untracked 
|  28|0x0000000706800000, 0x0000000706800000, 0x0000000706a00000|  0%| F|  |TAMS 0x0000000706800000, 0x0000000706800000| Untracked 
|  29|0x0000000706a00000, 0x0000000706a00000, 0x0000000706c00000|  0%| F|  |TAMS 0x0000000706a00000, 0x0000000706a00000| Untracked 
|  30|0x0000000706c00000, 0x0000000706c00000, 0x0000000706e00000|  0%| F|  |TAMS 0x0000000706c00000, 0x0000000706c00000| Untracked 
|  31|0x0000000706e00000, 0x0000000706e00000, 0x0000000707000000|  0%| F|  |TAMS 0x0000000706e00000, 0x0000000706e00000| Untracked 
|  32|0x0000000707000000, 0x0000000707000000, 0x0000000707200000|  0%| F|  |TAMS 0x0000000707000000, 0x0000000707000000| Untracked 
|  33|0x0000000707200000, 0x0000000707200000, 0x0000000707400000|  0%| F|  |TAMS 0x0000000707200000, 0x0000000707200000| Untracked 
|  34|0x0000000707400000, 0x0000000707400000, 0x0000000707600000|  0%| F|  |TAMS 0x0000000707400000, 0x0000000707400000| Untracked 
|  35|0x0000000707600000, 0x0000000707600000, 0x0000000707800000|  0%| F|  |TAMS 0x0000000707600000, 0x0000000707600000| Untracked 
|  36|0x0000000707800000, 0x0000000707800000, 0x0000000707a00000|  0%| F|  |TAMS 0x0000000707800000, 0x0000000707800000| Untracked 
|  37|0x0000000707a00000, 0x0000000707a00000, 0x0000000707c00000|  0%| F|  |TAMS 0x0000000707a00000, 0x0000000707a00000| Untracked 
|  38|0x0000000707c00000, 0x0000000707c00000, 0x0000000707e00000|  0%| F|  |TAMS 0x0000000707c00000, 0x0000000707c00000| Untracked 
|  39|0x0000000707e00000, 0x0000000707e00000, 0x0000000708000000|  0%| F|  |TAMS 0x0000000707e00000, 0x0000000707e00000| Untracked 
|  40|0x0000000708000000, 0x0000000708000000, 0x0000000708200000|  0%| F|  |TAMS 0x0000000708000000, 0x0000000708000000| Untracked 
|  41|0x0000000708200000, 0x0000000708200000, 0x0000000708400000|  0%| F|  |TAMS 0x0000000708200000, 0x0000000708200000| Untracked 
|  42|0x0000000708400000, 0x0000000708400000, 0x0000000708600000|  0%| F|  |TAMS 0x0000000708400000, 0x0000000708400000| Untracked 
|  43|0x0000000708600000, 0x0000000708600000, 0x0000000708800000|  0%| F|  |TAMS 0x0000000708600000, 0x0000000708600000| Untracked 
|  44|0x0000000708800000, 0x0000000708800000, 0x0000000708a00000|  0%| F|  |TAMS 0x0000000708800000, 0x0000000708800000| Untracked 
|  45|0x0000000708a00000, 0x0000000708a00000, 0x0000000708c00000|  0%| F|  |TAMS 0x0000000708a00000, 0x0000000708a00000| Untracked 
|  46|0x0000000708c00000, 0x0000000708c00000, 0x0000000708e00000|  0%| F|  |TAMS 0x0000000708c00000, 0x0000000708c00000| Untracked 
|  47|0x0000000708e00000, 0x0000000708e00000, 0x0000000709000000|  0%| F|  |TAMS 0x0000000708e00000, 0x0000000708e00000| Untracked 
|  48|0x0000000709000000, 0x0000000709000000, 0x0000000709200000|  0%| F|  |TAMS 0x0000000709000000, 0x0000000709000000| Untracked 
|  49|0x0000000709200000, 0x0000000709200000, 0x0000000709400000|  0%| F|  |TAMS 0x0000000709200000, 0x0000000709200000| Untracked 
|  50|0x0000000709400000, 0x0000000709400000, 0x0000000709600000|  0%| F|  |TAMS 0x0000000709400000, 0x0000000709400000| Untracked 
|  51|0x0000000709600000, 0x0000000709600000, 0x0000000709800000|  0%| F|  |TAMS 0x0000000709600000, 0x0000000709600000| Untracked 
|  52|0x0000000709800000, 0x0000000709800000, 0x0000000709a00000|  0%| F|  |TAMS 0x0000000709800000, 0x0000000709800000| Untracked 
|  53|0x0000000709a00000, 0x0000000709a00000, 0x0000000709c00000|  0%| F|  |TAMS 0x0000000709a00000, 0x0000000709a00000| Untracked 
|  54|0x0000000709c00000, 0x0000000709c00000, 0x0000000709e00000|  0%| F|  |TAMS 0x0000000709c00000, 0x0000000709c00000| Untracked 
|  55|0x0000000709e00000, 0x0000000709e00000, 0x000000070a000000|  0%| F|  |TAMS 0x0000000709e00000, 0x0000000709e00000| Untracked 
|  56|0x000000070a000000, 0x000000070a000000, 0x000000070a200000|  0%| F|  |TAMS 0x000000070a000000, 0x000000070a000000| Untracked 
|  57|0x000000070a200000, 0x000000070a200000, 0x000000070a400000|  0%| F|  |TAMS 0x000000070a200000, 0x000000070a200000| Untracked 
|  58|0x000000070a400000, 0x000000070a400000, 0x000000070a600000|  0%| F|  |TAMS 0x000000070a400000, 0x000000070a400000| Untracked 
|  59|0x000000070a600000, 0x000000070a600000, 0x000000070a800000|  0%| F|  |TAMS 0x000000070a600000, 0x000000070a600000| Untracked 
|  60|0x000000070a800000, 0x000000070a800000, 0x000000070aa00000|  0%| F|  |TAMS 0x000000070a800000, 0x000000070a800000| Untracked 
|  61|0x000000070aa00000, 0x000000070aa00000, 0x000000070ac00000|  0%| F|  |TAMS 0x000000070aa00000, 0x000000070aa00000| Untracked 
|  62|0x000000070ac00000, 0x000000070ac00000, 0x000000070ae00000|  0%| F|  |TAMS 0x000000070ac00000, 0x000000070ac00000| Untracked 
|  63|0x000000070ae00000, 0x000000070ae00000, 0x000000070b000000|  0%| F|  |TAMS 0x000000070ae00000, 0x000000070ae00000| Untracked 
|  64|0x000000070b000000, 0x000000070b000000, 0x000000070b200000|  0%| F|  |TAMS 0x000000070b000000, 0x000000070b000000| Untracked 
|  65|0x000000070b200000, 0x000000070b200000, 0x000000070b400000|  0%| F|  |TAMS 0x000000070b200000, 0x000000070b200000| Untracked 
|  66|0x000000070b400000, 0x000000070b400000, 0x000000070b600000|  0%| F|  |TAMS 0x000000070b400000, 0x000000070b400000| Untracked 
|  67|0x000000070b600000, 0x000000070b600000, 0x000000070b800000|  0%| F|  |TAMS 0x000000070b600000, 0x000000070b600000| Untracked 
|  68|0x000000070b800000, 0x000000070b800000, 0x000000070ba00000|  0%| F|  |TAMS 0x000000070b800000, 0x000000070b800000| Untracked 
|  69|0x000000070ba00000, 0x000000070ba00000, 0x000000070bc00000|  0%| F|  |TAMS 0x000000070ba00000, 0x000000070ba00000| Untracked 
|  70|0x000000070bc00000, 0x000000070bc00000, 0x000000070be00000|  0%| F|  |TAMS 0x000000070bc00000, 0x000000070bc00000| Untracked 
|  71|0x000000070be00000, 0x000000070be00000, 0x000000070c000000|  0%| F|  |TAMS 0x000000070be00000, 0x000000070be00000| Untracked 
|  72|0x000000070c000000, 0x000000070c000000, 0x000000070c200000|  0%| F|  |TAMS 0x000000070c000000, 0x000000070c000000| Untracked 
|  73|0x000000070c200000, 0x000000070c200000, 0x000000070c400000|  0%| F|  |TAMS 0x000000070c200000, 0x000000070c200000| Untracked 
|  74|0x000000070c400000, 0x000000070c400000, 0x000000070c600000|  0%| F|  |TAMS 0x000000070c400000, 0x000000070c400000| Untracked 
|  75|0x000000070c600000, 0x000000070c600000, 0x000000070c800000|  0%| F|  |TAMS 0x000000070c600000, 0x000000070c600000| Untracked 
|  76|0x000000070c800000, 0x000000070c800000, 0x000000070ca00000|  0%| F|  |TAMS 0x000000070c800000, 0x000000070c800000| Untracked 
|  77|0x000000070ca00000, 0x000000070ca00000, 0x000000070cc00000|  0%| F|  |TAMS 0x000000070ca00000, 0x000000070ca00000| Untracked 
|  78|0x000000070cc00000, 0x000000070cc00000, 0x000000070ce00000|  0%| F|  |TAMS 0x000000070cc00000, 0x000000070cc00000| Untracked 
|  79|0x000000070ce00000, 0x000000070ce00000, 0x000000070d000000|  0%| F|  |TAMS 0x000000070ce00000, 0x000000070ce00000| Untracked 
|  80|0x000000070d000000, 0x000000070d000000, 0x000000070d200000|  0%| F|  |TAMS 0x000000070d000000, 0x000000070d000000| Untracked 
|  81|0x000000070d200000, 0x000000070d200000, 0x000000070d400000|  0%| F|  |TAMS 0x000000070d200000, 0x000000070d200000| Untracked 
|  82|0x000000070d400000, 0x000000070d400000, 0x000000070d600000|  0%| F|  |TAMS 0x000000070d400000, 0x000000070d400000| Untracked 
|  83|0x000000070d600000, 0x000000070d600000, 0x000000070d800000|  0%| F|  |TAMS 0x000000070d600000, 0x000000070d600000| Untracked 
|  84|0x000000070d800000, 0x000000070d800000, 0x000000070da00000|  0%| F|  |TAMS 0x000000070d800000, 0x000000070d800000| Untracked 
|  85|0x000000070da00000, 0x000000070da00000, 0x000000070dc00000|  0%| F|  |TAMS 0x000000070da00000, 0x000000070da00000| Untracked 
|  86|0x000000070dc00000, 0x000000070dc00000, 0x000000070de00000|  0%| F|  |TAMS 0x000000070dc00000, 0x000000070dc00000| Untracked 
|  87|0x000000070de00000, 0x000000070de00000, 0x000000070e000000|  0%| F|  |TAMS 0x000000070de00000, 0x000000070de00000| Untracked 
|  88|0x000000070e000000, 0x000000070e000000, 0x000000070e200000|  0%| F|  |TAMS 0x000000070e000000, 0x000000070e000000| Untracked 
|  89|0x000000070e200000, 0x000000070e200000, 0x000000070e400000|  0%| F|  |TAMS 0x000000070e200000, 0x000000070e200000| Untracked 
|  90|0x000000070e400000, 0x000000070e400000, 0x000000070e600000|  0%| F|  |TAMS 0x000000070e400000, 0x000000070e400000| Untracked 
|  91|0x000000070e600000, 0x000000070e600000, 0x000000070e800000|  0%| F|  |TAMS 0x000000070e600000, 0x000000070e600000| Untracked 
|  92|0x000000070e800000, 0x000000070e800000, 0x000000070ea00000|  0%| F|  |TAMS 0x000000070e800000, 0x000000070e800000| Untracked 
|  93|0x000000070ea00000, 0x000000070ea00000, 0x000000070ec00000|  0%| F|  |TAMS 0x000000070ea00000, 0x000000070ea00000| Untracked 
|  94|0x000000070ec00000, 0x000000070ec00000, 0x000000070ee00000|  0%| F|  |TAMS 0x000000070ec00000, 0x000000070ec00000| Untracked 
|  95|0x000000070ee00000, 0x000000070ee00000, 0x000000070f000000|  0%| F|  |TAMS 0x000000070ee00000, 0x000000070ee00000| Untracked 
|  96|0x000000070f000000, 0x000000070f000000, 0x000000070f200000|  0%| F|  |TAMS 0x000000070f000000, 0x000000070f000000| Untracked 
|  97|0x000000070f200000, 0x000000070f200000, 0x000000070f400000|  0%| F|  |TAMS 0x000000070f200000, 0x000000070f200000| Untracked 
|  98|0x000000070f400000, 0x000000070f400000, 0x000000070f600000|  0%| F|  |TAMS 0x000000070f400000, 0x000000070f400000| Untracked 
|  99|0x000000070f600000, 0x000000070f600000, 0x000000070f800000|  0%| F|  |TAMS 0x000000070f600000, 0x000000070f600000| Untracked 
| 100|0x000000070f800000, 0x000000070f800000, 0x000000070fa00000|  0%| F|  |TAMS 0x000000070f800000, 0x000000070f800000| Untracked 
| 101|0x000000070fa00000, 0x000000070fa00000, 0x000000070fc00000|  0%| F|  |TAMS 0x000000070fa00000, 0x000000070fa00000| Untracked 
| 102|0x000000070fc00000, 0x000000070fc00000, 0x000000070fe00000|  0%| F|  |TAMS 0x000000070fc00000, 0x000000070fc00000| Untracked 
| 103|0x000000070fe00000, 0x000000070fe00000, 0x0000000710000000|  0%| F|  |TAMS 0x000000070fe00000, 0x000000070fe00000| Untracked 
| 104|0x0000000710000000, 0x0000000710200000, 0x0000000710200000|100%| S|CS|TAMS 0x0000000710000000, 0x0000000710000000| Complete 
| 105|0x0000000710200000, 0x0000000710400000, 0x0000000710400000|100%| S|CS|TAMS 0x0000000710200000, 0x0000000710200000| Complete 
| 106|0x0000000710400000, 0x0000000710600000, 0x0000000710600000|100%| S|CS|TAMS 0x0000000710400000, 0x0000000710400000| Complete 
| 107|0x0000000710600000, 0x0000000710600000, 0x0000000710800000|  0%| F|  |TAMS 0x0000000710600000, 0x0000000710600000| Untracked 
| 108|0x0000000710800000, 0x0000000710800000, 0x0000000710a00000|  0%| F|  |TAMS 0x0000000710800000, 0x0000000710800000| Untracked 
| 109|0x0000000710a00000, 0x0000000710a00000, 0x0000000710c00000|  0%| F|  |TAMS 0x0000000710a00000, 0x0000000710a00000| Untracked 
| 110|0x0000000710c00000, 0x0000000710c00000, 0x0000000710e00000|  0%| F|  |TAMS 0x0000000710c00000, 0x0000000710c00000| Untracked 
| 111|0x0000000710e00000, 0x0000000710e00000, 0x0000000711000000|  0%| F|  |TAMS 0x0000000710e00000, 0x0000000710e00000| Untracked 
| 112|0x0000000711000000, 0x0000000711000000, 0x0000000711200000|  0%| F|  |TAMS 0x0000000711000000, 0x0000000711000000| Untracked 
| 113|0x0000000711200000, 0x0000000711200000, 0x0000000711400000|  0%| F|  |TAMS 0x0000000711200000, 0x0000000711200000| Untracked 
| 114|0x0000000711400000, 0x0000000711400000, 0x0000000711600000|  0%| F|  |TAMS 0x0000000711400000, 0x0000000711400000| Untracked 
| 115|0x0000000711600000, 0x0000000711600000, 0x0000000711800000|  0%| F|  |TAMS 0x0000000711600000, 0x0000000711600000| Untracked 
| 116|0x0000000711800000, 0x0000000711800000, 0x0000000711a00000|  0%| F|  |TAMS 0x0000000711800000, 0x0000000711800000| Untracked 
| 117|0x0000000711a00000, 0x0000000711a00000, 0x0000000711c00000|  0%| F|  |TAMS 0x0000000711a00000, 0x0000000711a00000| Untracked 
| 118|0x0000000711c00000, 0x0000000711c00000, 0x0000000711e00000|  0%| F|  |TAMS 0x0000000711c00000, 0x0000000711c00000| Untracked 
| 119|0x0000000711e00000, 0x0000000711e00000, 0x0000000712000000|  0%| F|  |TAMS 0x0000000711e00000, 0x0000000711e00000| Untracked 
| 120|0x0000000712000000, 0x0000000712000000, 0x0000000712200000|  0%| F|  |TAMS 0x0000000712000000, 0x0000000712000000| Untracked 
| 121|0x0000000712200000, 0x0000000712300800, 0x0000000712400000| 50%| E|  |TAMS 0x0000000712200000, 0x0000000712200000| Complete 
| 122|0x0000000712400000, 0x0000000712600000, 0x0000000712600000|100%| E|CS|TAMS 0x0000000712400000, 0x0000000712400000| Complete 
| 123|0x0000000712600000, 0x0000000712800000, 0x0000000712800000|100%| E|CS|TAMS 0x0000000712600000, 0x0000000712600000| Complete 
| 124|0x0000000712800000, 0x0000000712a00000, 0x0000000712a00000|100%| E|CS|TAMS 0x0000000712800000, 0x0000000712800000| Complete 
| 125|0x0000000712a00000, 0x0000000712c00000, 0x0000000712c00000|100%| E|CS|TAMS 0x0000000712a00000, 0x0000000712a00000| Complete 
| 126|0x0000000712c00000, 0x0000000712e00000, 0x0000000712e00000|100%| E|CS|TAMS 0x0000000712c00000, 0x0000000712c00000| Complete 

Card table byte_map: [0x000001fa5c140000,0x000001fa5c930000] _byte_map_base: 0x000001fa58928000

Marking Bits (Prev, Next): (CMBitMap*) 0x000001fa44efd1d0, (CMBitMap*) 0x000001fa44efd210
 Prev Bits: [0x000001fa5d120000, 0x000001fa61060000)
 Next Bits: [0x000001fa61060000, 0x000001fa64fa0000)

Polling page: 0x000001fa42dc0000

Metaspace:

Usage:
  Non-class:     12.95 MB used.
      Class:      2.15 MB used.
       Both:     15.10 MB used.

Virtual space:
  Non-class space:       16.00 MB reserved,      13.06 MB ( 82%) committed,  2 nodes.
      Class space:        1.00 GB reserved,       2.25 MB ( <1%) committed,  1 nodes.
              Both:        1.02 GB reserved,      15.31 MB (  1%) committed. 

Chunk freelists:
   Non-Class:  2.77 MB
       Class:  1.63 MB
        Both:  4.39 MB

MaxMetaspaceSize: 17179869184.00 GB
CompressedClassSpaceSize: 1.00 GB
 - commit_granule_bytes: 65536.
 - commit_granule_words: 8192.
 - virtual_space_node_default_size: 1048576.
 - enlarge_chunks_in_place: 1.
 - new_chunks_are_fully_committed: 0.
 - uncommit_free_chunks: 1.
 - use_allocation_guard: 0.
 - handle_deallocations: 1.


Internal statistics:

num_allocs_failed_limit: 0.
num_arena_births: 218.
num_arena_deaths: 0.
num_vsnodes_births: 3.
num_vsnodes_deaths: 0.
num_space_committed: 245.
num_space_uncommitted: 0.
num_chunks_returned_to_freelist: 0.
num_chunks_taken_from_freelist: 758.
num_chunk_merges: 0.
num_chunk_splits: 506.
num_chunks_enlarged: 369.
num_purges: 0.

CodeHeap 'non-profiled nmethods': size=120000Kb used=897Kb max_used=897Kb free=119102Kb
 bounds [0x000001fa540f0000, 0x000001fa54360000, 0x000001fa5b620000]
CodeHeap 'profiled nmethods': size=120000Kb used=4614Kb max_used=4614Kb free=115385Kb
 bounds [0x000001fa4cbc0000, 0x000001fa4d050000, 0x000001fa540f0000]
CodeHeap 'non-nmethods': size=5760Kb used=1443Kb max_used=1456Kb free=4316Kb
 bounds [0x000001fa4c620000, 0x000001fa4c890000, 0x000001fa4cbc0000]
 total_blobs=3306 nmethods=2507 adapters=711
 compilation: enabled
              stopped_count=0, restarted_count=0
 full_count=0

Compilation events (20 events):
Event: 4.103 Thread 0x000001fa679e2790 2488       3       com.sun.javafx.sg.prism.NGGroup::renderForcedContent (43 bytes)
Event: 4.103 Thread 0x000001fa679e2790 nmethod 2488 0x000001fa4d031910 code [0x000001fa4d031b20, 0x000001fa4d032238]
Event: 4.103 Thread 0x000001fa679e2790 2487       3       com.sun.prism.impl.ps.BaseShaderContext::setRenderTarget (270 bytes)
Event: 4.104 Thread 0x000001fa679e2790 nmethod 2487 0x000001fa4d032410 code [0x000001fa4d032660, 0x000001fa4d033508]
Event: 4.108 Thread 0x000001fa679e2790 2489       1       com.sun.prism.impl.ManagedResource::isPermanent (5 bytes)
Event: 4.108 Thread 0x000001fa679e2790 nmethod 2489 0x000001fa541cf690 code [0x000001fa541cf820, 0x000001fa541cf8f8]
Event: 4.108 Thread 0x000001fa679e2790 2490       3       com.sun.javafx.geom.transform.BaseTransform::<init> (5 bytes)
Event: 4.108 Thread 0x000001fa679e2790 nmethod 2490 0x000001fa4d033810 code [0x000001fa4d0339c0, 0x000001fa4d033b18]
Event: 4.109 Thread 0x000001fa679e2790 2491       3       com.sun.javafx.geom.transform.AffineBase::is2D (24 bytes)
Event: 4.109 Thread 0x000001fa679e2790 nmethod 2491 0x000001fa4d033c10 code [0x000001fa4d033de0, 0x000001fa4d034278]
Event: 4.109 Thread 0x000001fa679e2790 2493       3       com.sun.javafx.UnmodifiableArrayList::get (7 bytes)
Event: 4.109 Thread 0x000001fa707f59a0 2495       4       com.sun.javafx.geom.Vec3d::set (25 bytes)
Event: 4.109 Thread 0x000001fa679e2790 nmethod 2493 0x000001fa4d034390 code [0x000001fa4d034520, 0x000001fa4d034658]
Event: 4.109 Thread 0x000001fa679e2790 2492       1       javafx.scene.layout.Background::getImages (5 bytes)
Event: 4.109 Thread 0x000001fa679e2790 nmethod 2492 0x000001fa541cf990 code [0x000001fa541cfb20, 0x000001fa541cfbf8]
Event: 4.109 Thread 0x000001fa679e2790 2496       3       com.sun.javafx.geom.transform.AffineBase::transform (301 bytes)
Event: 4.110 Thread 0x000001fa707f59a0 nmethod 2495 0x000001fa541cfc90 code [0x000001fa541cfe20, 0x000001fa541cfed8]
Event: 4.110 Thread 0x000001fa679e2790 nmethod 2496 0x000001fa4d034710 code [0x000001fa4d034980, 0x000001fa4d035508]
Event: 4.110 Thread 0x000001fa679e2790 2494       1       com.sun.prism.paint.Stop::getOffset (5 bytes)
Event: 4.111 Thread 0x000001fa679e2790 nmethod 2494 0x000001fa541cff90 code [0x000001fa541d0120, 0x000001fa541d01f8]

GC Heap History (4 events):
Event: 0.969 GC heap before
{Heap before GC invocations=0 (full 0):
 garbage-first heap   total 260096K, used 20480K [0x0000000703000000, 0x0000000800000000)
  region size 2048K, 11 young (22528K), 0 survivors (0K)
 Metaspace       used 5498K, committed 5696K, reserved 1056768K
  class space    used 629K, committed 704K, reserved 1048576K
}
Event: 0.972 GC heap after
{Heap after GC invocations=1 (full 0):
 garbage-first heap   total 260096K, used 2821K [0x0000000703000000, 0x0000000800000000)
  region size 2048K, 2 young (4096K), 2 survivors (4096K)
 Metaspace       used 5498K, committed 5696K, reserved 1056768K
  class space    used 629K, committed 704K, reserved 1048576K
}
Event: 2.234 GC heap before
{Heap before GC invocations=1 (full 0):
 garbage-first heap   total 260096K, used 66309K [0x0000000703000000, 0x0000000800000000)
  region size 2048K, 20 young (40960K), 2 survivors (4096K)
 Metaspace       used 13185K, committed 13440K, reserved 1064960K
  class space    used 1894K, committed 2048K, reserved 1048576K
}
Event: 2.241 GC heap after
{Heap after GC invocations=2 (full 0):
 garbage-first heap   total 260096K, used 41952K [0x0000000703000000, 0x0000000800000000)
  region size 2048K, 3 young (6144K), 3 survivors (6144K)
 Metaspace       used 13185K, committed 13440K, reserved 1064960K
  class space    used 1894K, committed 2048K, reserved 1048576K
}

Deoptimization events (20 events):
Event: 1.995 Thread 0x000001fa689419c0 Uncommon trap: trap_request=0xffffffde fr.pc=0x000001fa540fea40 relative=0x00000000000001a0
Event: 1.995 Thread 0x000001fa689419c0 Uncommon trap: reason=class_check action=maybe_recompile pc=0x000001fa540fea40 method=java.lang.String.equals(Ljava/lang/Object;)Z @ 8 c2
Event: 1.995 Thread 0x000001fa689419c0 DEOPT PACKING pc=0x000001fa540fea40 sp=0x000000f145afd430
Event: 1.995 Thread 0x000001fa689419c0 DEOPT UNPACKING pc=0x000001fa4c66d72e sp=0x000000f145afd3d8 mode 2
Event: 2.009 Thread 0x000001fa689419c0 Uncommon trap: trap_request=0xffffffc6 fr.pc=0x000001fa541412c8 relative=0x0000000000000568
Event: 2.009 Thread 0x000001fa689419c0 Uncommon trap: reason=bimorphic_or_optimized_type_check action=maybe_recompile pc=0x000001fa541412c8 method=java.util.concurrent.ConcurrentHashMap.get(Ljava/lang/Object;)Ljava/lang/Object; @ 149 c2
Event: 2.009 Thread 0x000001fa689419c0 DEOPT PACKING pc=0x000001fa541412c8 sp=0x000000f145afc320
Event: 2.009 Thread 0x000001fa689419c0 DEOPT UNPACKING pc=0x000001fa4c66d72e sp=0x000000f145afc2c0 mode 2
Event: 2.154 Thread 0x000001fa689419c0 Uncommon trap: trap_request=0xffffffc6 fr.pc=0x000001fa541412c8 relative=0x0000000000000568
Event: 2.154 Thread 0x000001fa689419c0 Uncommon trap: reason=bimorphic_or_optimized_type_check action=maybe_recompile pc=0x000001fa541412c8 method=java.util.concurrent.ConcurrentHashMap.get(Ljava/lang/Object;)Ljava/lang/Object; @ 149 c2
Event: 2.154 Thread 0x000001fa689419c0 DEOPT PACKING pc=0x000001fa541412c8 sp=0x000000f145afca10
Event: 2.154 Thread 0x000001fa689419c0 DEOPT UNPACKING pc=0x000001fa4c66d72e sp=0x000000f145afc9b0 mode 2
Event: 3.996 Thread 0x000001fa689419c0 Uncommon trap: trap_request=0xffffff45 fr.pc=0x000001fa541c46fc relative=0x000000000000005c
Event: 3.996 Thread 0x000001fa689419c0 Uncommon trap: reason=unstable_if action=reinterpret pc=0x000001fa541c46fc method=javafx.scene.Node.updateLocalToParentTransform()V @ 4 c2
Event: 3.996 Thread 0x000001fa689419c0 DEOPT PACKING pc=0x000001fa541c46fc sp=0x000000f145afa5f0
Event: 3.996 Thread 0x000001fa689419c0 DEOPT UNPACKING pc=0x000001fa4c66d72e sp=0x000000f145afa548 mode 2
Event: 3.999 Thread 0x000001fa689419c0 Uncommon trap: trap_request=0xffffff45 fr.pc=0x000001fa54195c50 relative=0x00000000000002b0
Event: 3.999 Thread 0x000001fa689419c0 Uncommon trap: reason=unstable_if action=reinterpret pc=0x000001fa54195c50 method=java.util.WeakHashMap.expungeStaleEntries()V @ 9 c2
Event: 3.999 Thread 0x000001fa689419c0 DEOPT PACKING pc=0x000001fa54195c50 sp=0x000000f145afb8f0
Event: 3.999 Thread 0x000001fa689419c0 DEOPT UNPACKING pc=0x000001fa4c66d72e sp=0x000000f145afb888 mode 2

Classes unloaded (0 events):
No events

Classes redefined (0 events):
No events

Internal exceptions (20 events):
Event: 0.821 Thread 0x000001fa6fd0b2b0 Exception <a 'java/lang/NoSuchMethodError'{0x0000000711ce4860}: 'void java.lang.invoke.DirectMethodHandle$Holder.invokeStatic(java.lang.Object, java.lang.Object, java.lang.Object, java.lang.Object)'> (0x0000000711ce4860) 
thrown [t:\workspace\open\src\hotspot\share\interpreter\linkResolver.cpp, line 790]
Event: 0.978 Thread 0x000001fa689419c0 Exception <a 'java/lang/NoSuchMethodError'{0x0000000712c32640}: 'java.lang.Object java.lang.invoke.DirectMethodHandle$Holder.invokeStaticInit(java.lang.Object, java.lang.Object, java.lang.Object, java.lang.Object)'> (0x0000000712c32640) 
thrown [t:\workspace\open\src\hotspot\share\interpreter\linkResolver.cpp, line 790]
Event: 0.980 Thread 0x000001fa689419c0 Exception <a 'java/lang/NullPointerException'{0x0000000712c3e678}> (0x0000000712c3e678) 
thrown [t:\workspace\open\src\hotspot\share\interpreter\linkResolver.cpp, line 1385]
Event: 0.986 Thread 0x000001fa689419c0 Exception <a 'java/lang/NoSuchMethodError'{0x0000000712c62988}: 'void java.lang.invoke.DirectMethodHandle$Holder.invokeSpecial(java.lang.Object, java.lang.Object, java.lang.Object, java.lang.Object, java.lang.Object)'> (0x0000000712c62988) 
thrown [t:\workspace\open\src\hotspot\share\interpreter\linkResolver.cpp, line 790]
Event: 1.174 Thread 0x000001fa689419c0 Exception <a 'java/lang/NoSuchMethodError'{0x0000000712438848}: 'void java.lang.invoke.DirectMethodHandle$Holder.invokeStaticInit(java.lang.Object, java.lang.Object)'> (0x0000000712438848) 
thrown [t:\workspace\open\src\hotspot\share\interpreter\linkResolver.cpp, line 790]
Event: 1.839 Thread 0x000001fa689419c0 Implicit null exception at 0x000001fa54149f8d to 0x000001fa5414a320
Event: 1.842 Thread 0x000001fa689419c0 Implicit null exception at 0x000001fa5415cf14 to 0x000001fa5415d2f0
Event: 1.842 Thread 0x000001fa689419c0 Implicit null exception at 0x000001fa541148af to 0x000001fa5411492d
Event: 1.944 Thread 0x000001fa689419c0 Exception <a 'java/io/FileNotFoundException'{0x0000000710f0df28}> (0x0000000710f0df28) 
thrown [t:\workspace\open\src\hotspot\share\prims\jni.cpp, line 579]
Event: 2.008 Thread 0x000001fa689419c0 Exception <a 'java/io/FileNotFoundException'{0x0000000710cff500}> (0x0000000710cff500) 
thrown [t:\workspace\open\src\hotspot\share\prims\jni.cpp, line 579]
Event: 2.018 Thread 0x000001fa689419c0 Exception <a 'java/lang/NoSuchMethodError'{0x0000000710d558b0}: 'java.lang.Object java.lang.invoke.DirectMethodHandle$Holder.invokeInterface(java.lang.Object, java.lang.Object, java.lang.Object)'> (0x0000000710d558b0) 
thrown [t:\workspace\open\src\hotspot\share\interpreter\linkResolver.cpp, line 790]
Event: 2.019 Thread 0x000001fa689419c0 Exception <a 'java/lang/IncompatibleClassChangeError'{0x0000000710d59430}: Found class java.lang.Object, but interface was expected> (0x0000000710d59430) 
thrown [t:\workspace\open\src\hotspot\share\interpreter\linkResolver.cpp, line 857]
Event: 2.079 Thread 0x000001fa689419c0 Exception <a 'java/lang/NoSuchMethodError'{0x0000000710b3d3b8}: 'int java.lang.invoke.DirectMethodHandle$Holder.invokeStaticInit(java.lang.Object, java.lang.Object)'> (0x0000000710b3d3b8) 
thrown [t:\workspace\open\src\hotspot\share\interpreter\linkResolver.cpp, line 790]
Event: 2.120 Thread 0x000001fa689419c0 Exception <a 'java/lang/NoSuchMethodError'{0x00000007109b4458}: 'void java.lang.invoke.DirectMethodHandle$Holder.invokeSpecial(java.lang.Object, java.lang.Object, java.lang.Object, java.lang.Object, java.lang.Object, java.lang.Object)'> (0x00000007109b4458) 
thrown [t:\workspace\open\src\hotspot\share\interpreter\linkResolver.cpp, line 790]
Event: 2.224 Thread 0x000001fa689419c0 Exception <a 'java/lang/NoSuchMethodError'{0x00000007107f3848}: 'java.lang.Object java.lang.invoke.DirectMethodHandle$Holder.newInvokeSpecial(java.lang.Object, java.lang.Object, int)'> (0x00000007107f3848) 
thrown [t:\workspace\open\src\hotspot\share\interpreter\linkResolver.cpp, line 790]
Event: 4.058 Thread 0x000001fa689419c0 Exception <a 'java/lang/NoSuchMethodError'{0x00000007125f8498}: 'long java.lang.invoke.DirectMethodHandle$Holder.invokeStatic(java.lang.Object, java.lang.Object, java.lang.Object)'> (0x00000007125f8498) 
thrown [t:\workspace\open\src\hotspot\share\interpreter\linkResolver.cpp, line 790]
Event: 4.058 Thread 0x000001fa689419c0 Exception <a 'java/lang/NoSuchMethodError'{0x00000007125fbe48}: 'long java.lang.invoke.DirectMethodHandle$Holder.invokeStaticInit(java.lang.Object, java.lang.Object, java.lang.Object)'> (0x00000007125fbe48) 
thrown [t:\workspace\open\src\hotspot\share\interpreter\linkResolver.cpp, line 790]
Event: 4.063 Thread 0x000001fa689419c0 Exception <a 'java/lang/NoSuchMethodError'{0x0000000712214210}: 'java.lang.Object java.lang.invoke.DirectMethodHandle$Holder.newInvokeSpecial(java.lang.Object, java.lang.Object, long)'> (0x0000000712214210) 
thrown [t:\workspace\open\src\hotspot\share\interpreter\linkResolver.cpp, line 790]
Event: 4.063 Thread 0x000001fa689419c0 Exception <a 'java/lang/NoSuchMethodError'{0x0000000712217f80}: 'java.lang.Object java.lang.invoke.Invokers$Holder.linkToTargetMethod(java.lang.Object, long, java.lang.Object)'> (0x0000000712217f80) 
thrown [t:\workspace\open\src\hotspot\share\interpreter\linkResolver.cpp, line 790]
Event: 4.082 Thread 0x000001fa68ad2c70 Exception <a 'java/lang/NoSuchMethodError'{0x00000007126eb6e8}: 'java.lang.Object java.lang.invoke.DirectMethodHandle$Holder.invokeStaticInit(java.lang.Object, int)'> (0x00000007126eb6e8) 
thrown [t:\workspace\open\src\hotspot\share\interpreter\linkResolver.cpp, line 790]

Events (20 events):
Event: 2.426 Thread 0x000001fa6fd082e0 Thread added: 0x000001fa6fd082e0
Event: 2.434 loading class sun/misc/Unsafe
Event: 2.434 loading class sun/misc/Unsafe done
Event: 2.434 loading class jdk/internal/reflect/UnsafeQualifiedStaticObjectFieldAccessorImpl
Event: 2.434 loading class jdk/internal/reflect/UnsafeQualifiedStaticFieldAccessorImpl
Event: 2.434 loading class jdk/internal/reflect/UnsafeQualifiedStaticFieldAccessorImpl done
Event: 2.434 loading class jdk/internal/reflect/UnsafeQualifiedStaticObjectFieldAccessorImpl done
Event: 3.275 loading class java/util/EnumMap$Values
Event: 3.275 loading class java/util/EnumMap$Values done
Event: 3.275 loading class java/util/EnumMap$ValueIterator
Event: 3.275 loading class java/util/EnumMap$EnumMapIterator
Event: 3.275 loading class java/util/EnumMap$EnumMapIterator done
Event: 3.275 loading class java/util/EnumMap$ValueIterator done
Event: 3.961 loading class java/io/UnsupportedEncodingException
Event: 3.962 loading class java/io/UnsupportedEncodingException done
Event: 4.043 Thread 0x000001fa707f59a0 Thread added: 0x000001fa707f59a0
Event: 4.083 loading class java/lang/FdLibm$Hypot
Event: 4.084 loading class java/lang/FdLibm$Hypot done
Event: 4.084 loading class java/lang/FdLibm
Event: 4.084 loading class java/lang/FdLibm done


Dynamic libraries:
0x00007ff6aad10000 - 0x00007ff6aad20000 	C:\Program Files\Java\jdk-16\bin\java.exe
0x00007ffd3c030000 - 0x00007ffd3c225000 	C:\WINDOWS\SYSTEM32\ntdll.dll
0x00007ffd3be50000 - 0x00007ffd3bf0d000 	C:\WINDOWS\System32\KERNEL32.DLL
0x00007ffd39ad0000 - 0x00007ffd39d98000 	C:\WINDOWS\System32\KERNELBASE.dll
0x00007ffd39f90000 - 0x00007ffd3a090000 	C:\WINDOWS\System32\ucrtbase.dll
0x00007ffd35260000 - 0x00007ffd35279000 	C:\Program Files\Java\jdk-16\bin\VCRUNTIME140.dll
0x00007ffd37f30000 - 0x00007ffd37f48000 	C:\Program Files\Java\jdk-16\bin\jli.dll
0x00007ffd3aaa0000 - 0x00007ffd3ab4c000 	C:\WINDOWS\System32\ADVAPI32.dll
0x00007ffd3ae80000 - 0x00007ffd3af1e000 	C:\WINDOWS\System32\msvcrt.dll
0x00007ffd3bc80000 - 0x00007ffd3bd1b000 	C:\WINDOWS\System32\sechost.dll
0x00007ffd3ac20000 - 0x00007ffd3ad4b000 	C:\WINDOWS\System32\RPCRT4.dll
0x00007ffd3b120000 - 0x00007ffd3b2c0000 	C:\WINDOWS\System32\USER32.dll
0x00007ffd397c0000 - 0x00007ffd397e2000 	C:\WINDOWS\System32\win32u.dll
0x00007ffd27de0000 - 0x00007ffd2807a000 	C:\WINDOWS\WinSxS\amd64_microsoft.windows.common-controls_6595b64144ccf1df_6.0.19041.844_none_ca00b6081b84eb1d\COMCTL32.dll
0x00007ffd3a090000 - 0x00007ffd3a0ba000 	C:\WINDOWS\System32\GDI32.dll
0x00007ffd39dd0000 - 0x00007ffd39edb000 	C:\WINDOWS\System32\gdi32full.dll
0x00007ffd399d0000 - 0x00007ffd39a6d000 	C:\WINDOWS\System32\msvcp_win.dll
0x00007ffd37f10000 - 0x00007ffd37f1a000 	C:\WINDOWS\SYSTEM32\VERSION.dll
0x00007ffd3af20000 - 0x00007ffd3af50000 	C:\WINDOWS\System32\IMM32.DLL
0x00007ffd35350000 - 0x00007ffd3535c000 	C:\Program Files\Java\jdk-16\bin\vcruntime140_1.dll
0x00007ffd1c7b0000 - 0x00007ffd1c841000 	C:\Program Files\Java\jdk-16\bin\msvcp140.dll
0x00007ffcc8d30000 - 0x00007ffcc98db000 	C:\Program Files\Java\jdk-16\bin\server\jvm.dll
0x00007ffd3bf80000 - 0x00007ffd3bf88000 	C:\WINDOWS\System32\PSAPI.DLL
0x00007ffd2f5e0000 - 0x00007ffd2f607000 	C:\WINDOWS\SYSTEM32\WINMM.dll
0x00007ffd25320000 - 0x00007ffd25329000 	C:\WINDOWS\SYSTEM32\WSOCK32.dll
0x00007ffd3bf10000 - 0x00007ffd3bf7b000 	C:\WINDOWS\System32\WS2_32.dll
0x00007ffd38020000 - 0x00007ffd38032000 	C:\WINDOWS\SYSTEM32\kernel.appcore.dll
0x00007ffd35300000 - 0x00007ffd3530a000 	C:\Program Files\Java\jdk-16\bin\jimage.dll
0x00007ffd31580000 - 0x00007ffd31764000 	C:\WINDOWS\SYSTEM32\DBGHELP.DLL
0x00007ffd25de0000 - 0x00007ffd25e0c000 	C:\WINDOWS\SYSTEM32\dbgcore.DLL
0x00007ffd39950000 - 0x00007ffd399d0000 	C:\WINDOWS\System32\bcryptPrimitives.dll
0x00007ffd29a90000 - 0x00007ffd29ab5000 	C:\Program Files\Java\jdk-16\bin\java.dll
0x00007ffd3a350000 - 0x00007ffd3aa92000 	C:\WINDOWS\System32\SHELL32.dll
0x00007ffd37780000 - 0x00007ffd37f10000 	C:\WINDOWS\SYSTEM32\windows.storage.dll
0x00007ffd3b920000 - 0x00007ffd3bc75000 	C:\WINDOWS\System32\combase.dll
0x00007ffd39110000 - 0x00007ffd3913c000 	C:\WINDOWS\SYSTEM32\Wldp.dll
0x00007ffd3bda0000 - 0x00007ffd3be4e000 	C:\WINDOWS\System32\SHCORE.dll
0x00007ffd3afe0000 - 0x00007ffd3b035000 	C:\WINDOWS\System32\shlwapi.dll
0x00007ffd396b0000 - 0x00007ffd396cf000 	C:\WINDOWS\SYSTEM32\profapi.dll
0x00007ffd35060000 - 0x00007ffd35079000 	C:\Program Files\Java\jdk-16\bin\net.dll
0x00007ffd2d890000 - 0x00007ffd2d99b000 	C:\WINDOWS\SYSTEM32\WINHTTP.dll
0x00007ffd38e80000 - 0x00007ffd38eea000 	C:\WINDOWS\system32\mswsock.dll
0x00007ffd29a70000 - 0x00007ffd29a83000 	C:\Program Files\Java\jdk-16\bin\nio.dll
0x00007ffd29b30000 - 0x00007ffd29b48000 	C:\Program Files\Java\jdk-16\bin\zip.dll
0x000001fa44e80000 - 0x000001fa44e83000 	C:\Program Files\Java\javafx-sdk-16\bin\api-ms-win-core-console-l1-1-0.dll
0x000001fa67b20000 - 0x000001fa67b23000 	C:\Program Files\Java\javafx-sdk-16\bin\api-ms-win-core-console-l1-2-0.dll
0x000001fa67b30000 - 0x000001fa67b33000 	C:\Program Files\Java\javafx-sdk-16\bin\api-ms-win-core-datetime-l1-1-0.dll
0x000001fa67b40000 - 0x000001fa67b43000 	C:\Program Files\Java\javafx-sdk-16\bin\api-ms-win-core-debug-l1-1-0.dll
0x000001fa67b50000 - 0x000001fa67b53000 	C:\Program Files\Java\javafx-sdk-16\bin\api-ms-win-core-errorhandling-l1-1-0.dll
0x000001fa67b60000 - 0x000001fa67b64000 	C:\Program Files\Java\javafx-sdk-16\bin\api-ms-win-core-file-l1-1-0.dll
0x000001fa67b70000 - 0x000001fa67b73000 	C:\Program Files\Java\javafx-sdk-16\bin\api-ms-win-core-file-l1-2-0.dll
0x000001fa67b80000 - 0x000001fa67b83000 	C:\Program Files\Java\javafx-sdk-16\bin\api-ms-win-core-file-l2-1-0.dll
0x000001fa67b90000 - 0x000001fa67b93000 	C:\Program Files\Java\javafx-sdk-16\bin\api-ms-win-core-handle-l1-1-0.dll
0x000001fa67ba0000 - 0x000001fa67ba3000 	C:\Program Files\Java\javafx-sdk-16\bin\api-ms-win-core-heap-l1-1-0.dll
0x000001fa67bb0000 - 0x000001fa67bb3000 	C:\Program Files\Java\javafx-sdk-16\bin\api-ms-win-core-interlocked-l1-1-0.dll
0x000001fa67bc0000 - 0x000001fa67bc3000 	C:\Program Files\Java\javafx-sdk-16\bin\api-ms-win-core-libraryloader-l1-1-0.dll
0x000001fa67bd0000 - 0x000001fa67bd3000 	C:\Program Files\Java\javafx-sdk-16\bin\api-ms-win-core-localization-l1-2-0.dll
0x000001fa67be0000 - 0x000001fa67be3000 	C:\Program Files\Java\javafx-sdk-16\bin\api-ms-win-core-memory-l1-1-0.dll
0x000001fa67bf0000 - 0x000001fa67bf3000 	C:\Program Files\Java\javafx-sdk-16\bin\api-ms-win-core-namedpipe-l1-1-0.dll
0x000001fa69000000 - 0x000001fa69003000 	C:\Program Files\Java\javafx-sdk-16\bin\api-ms-win-core-processenvironment-l1-1-0.dll
0x000001fa69010000 - 0x000001fa69013000 	C:\Program Files\Java\javafx-sdk-16\bin\api-ms-win-core-processthreads-l1-1-0.dll
0x000001fa69020000 - 0x000001fa69023000 	C:\Program Files\Java\javafx-sdk-16\bin\api-ms-win-core-processthreads-l1-1-1.dll
0x000001fa69030000 - 0x000001fa69033000 	C:\Program Files\Java\javafx-sdk-16\bin\api-ms-win-core-profile-l1-1-0.dll
0x000001fa69040000 - 0x000001fa69043000 	C:\Program Files\Java\javafx-sdk-16\bin\api-ms-win-core-rtlsupport-l1-1-0.dll
0x000001fa69050000 - 0x000001fa69053000 	C:\Program Files\Java\javafx-sdk-16\bin\api-ms-win-core-string-l1-1-0.dll
0x000001fa69060000 - 0x000001fa69063000 	C:\Program Files\Java\javafx-sdk-16\bin\api-ms-win-core-synch-l1-1-0.dll
0x000001fa69070000 - 0x000001fa69073000 	C:\Program Files\Java\javafx-sdk-16\bin\api-ms-win-core-synch-l1-2-0.dll
0x000001fa69080000 - 0x000001fa69083000 	C:\Program Files\Java\javafx-sdk-16\bin\api-ms-win-core-sysinfo-l1-1-0.dll
0x000001fa69090000 - 0x000001fa69093000 	C:\Program Files\Java\javafx-sdk-16\bin\api-ms-win-core-timezone-l1-1-0.dll
0x000001fa690a0000 - 0x000001fa690a3000 	C:\Program Files\Java\javafx-sdk-16\bin\api-ms-win-core-util-l1-1-0.dll
0x000001fa690b0000 - 0x000001fa690b3000 	C:\Program Files\Java\javafx-sdk-16\bin\api-ms-win-crt-conio-l1-1-0.dll
0x000001fa690c0000 - 0x000001fa690c4000 	C:\Program Files\Java\javafx-sdk-16\bin\api-ms-win-crt-convert-l1-1-0.dll
0x000001fa690d0000 - 0x000001fa690d3000 	C:\Program Files\Java\javafx-sdk-16\bin\api-ms-win-crt-environment-l1-1-0.dll
0x000001fa690e0000 - 0x000001fa690e3000 	C:\Program Files\Java\javafx-sdk-16\bin\api-ms-win-crt-filesystem-l1-1-0.dll
0x000001fa690f0000 - 0x000001fa690f3000 	C:\Program Files\Java\javafx-sdk-16\bin\api-ms-win-crt-heap-l1-1-0.dll
0x000001fa69100000 - 0x000001fa69103000 	C:\Program Files\Java\javafx-sdk-16\bin\api-ms-win-crt-locale-l1-1-0.dll
0x000001fa69110000 - 0x000001fa69115000 	C:\Program Files\Java\javafx-sdk-16\bin\api-ms-win-crt-math-l1-1-0.dll
0x000001fa69120000 - 0x000001fa69125000 	C:\Program Files\Java\javafx-sdk-16\bin\api-ms-win-crt-multibyte-l1-1-0.dll
0x000001fa69130000 - 0x000001fa69140000 	C:\Program Files\Java\javafx-sdk-16\bin\api-ms-win-crt-private-l1-1-0.dll
0x000001fa69140000 - 0x000001fa69143000 	C:\Program Files\Java\javafx-sdk-16\bin\api-ms-win-crt-process-l1-1-0.dll
0x000001fa69150000 - 0x000001fa69154000 	C:\Program Files\Java\javafx-sdk-16\bin\api-ms-win-crt-runtime-l1-1-0.dll
0x000001fa69160000 - 0x000001fa69164000 	C:\Program Files\Java\javafx-sdk-16\bin\api-ms-win-crt-stdio-l1-1-0.dll
0x000001fa69170000 - 0x000001fa69174000 	C:\Program Files\Java\javafx-sdk-16\bin\api-ms-win-crt-string-l1-1-0.dll
0x000001fa69180000 - 0x000001fa69183000 	C:\Program Files\Java\javafx-sdk-16\bin\api-ms-win-crt-time-l1-1-0.dll
0x000001fa69190000 - 0x000001fa69193000 	C:\Program Files\Java\javafx-sdk-16\bin\api-ms-win-crt-utility-l1-1-0.dll
0x00007ffd1c230000 - 0x00007ffd1c32c000 	C:\Program Files\Java\javafx-sdk-16\bin\ucrtbase.dll
0x00007ffd29d20000 - 0x00007ffd29d39000 	C:\Program Files\Java\javafx-sdk-16\bin\vcruntime140.dll
0x00007ffd38000000 - 0x00007ffd3800c000 	C:\Program Files\Java\javafx-sdk-16\bin\vcruntime140_1.dll
0x00007ffd1c190000 - 0x00007ffd1c221000 	C:\Program Files\Java\javafx-sdk-16\bin\msvcp140.dll
0x00007ffd29900000 - 0x00007ffd29927000 	C:\Program Files\Java\javafx-sdk-16\bin\prism_d3d.dll
0x00007ffd2d200000 - 0x00007ffd2d3ce000 	C:\WINDOWS\system32\d3d9.dll
0x00007ffd37020000 - 0x00007ffd3704f000 	C:\WINDOWS\SYSTEM32\dwmapi.dll
0x00007ffd36e30000 - 0x00007ffd36ece000 	C:\WINDOWS\system32\uxtheme.dll
0x00007ffd392f0000 - 0x00007ffd39302000 	C:\WINDOWS\SYSTEM32\msasn1.dll
0x00007ffd32110000 - 0x00007ffd32141000 	C:\WINDOWS\SYSTEM32\cryptnet.dll
0x00007ffd397f0000 - 0x00007ffd3994f000 	C:\WINDOWS\System32\CRYPT32.dll
0x00007ffd39050000 - 0x00007ffd3905c000 	C:\WINDOWS\SYSTEM32\cryptbase.dll
0x00007ffd39a70000 - 0x00007ffd39ad0000 	C:\WINDOWS\System32\WINTRUST.DLL
0x00007ffd3b7e0000 - 0x00007ffd3b7fd000 	C:\WINDOWS\System32\imagehlp.dll
0x00007ffd39060000 - 0x00007ffd39078000 	C:\WINDOWS\SYSTEM32\CRYPTSP.dll
0x00007ffd38820000 - 0x00007ffd38854000 	C:\WINDOWS\system32\rsaenh.dll
0x00007ffd39da0000 - 0x00007ffd39dc7000 	C:\WINDOWS\System32\bcrypt.dll
0x00007ffd230a0000 - 0x00007ffd230e2000 	C:\Program Files\Java\javafx-sdk-16\bin\glass.dll
0x00007ffd3a0c0000 - 0x00007ffd3a19a000 	C:\WINDOWS\System32\COMDLG32.dll
0x00007ffd3ad50000 - 0x00007ffd3ae7a000 	C:\WINDOWS\System32\ole32.dll
0x00007ffd3b040000 - 0x00007ffd3b10d000 	C:\WINDOWS\System32\OLEAUT32.dll
0x00007ffd3b800000 - 0x00007ffd3b915000 	C:\WINDOWS\System32\MSCTF.dll
0x00007ffd08cf0000 - 0x00007ffd08df5000 	C:\WINDOWS\System32\DriverStore\FileRepository\nvami.inf_amd64_ca06fe09fead137d\nvldumdx.dll
0x00007ffcc7570000 - 0x00007ffcc8d28000 	C:\WINDOWS\System32\DriverStore\FileRepository\nvami.inf_amd64_ca06fe09fead137d\nvd3dumx.dll
0x00007ffceabe0000 - 0x00007ffceae9e000 	C:\WINDOWS\system32\nvspcap64.dll
0x00007ffd38490000 - 0x00007ffd384c3000 	C:\WINDOWS\SYSTEM32\ntmarta.dll
0x00007ffd38040000 - 0x00007ffd38063000 	C:\WINDOWS\SYSTEM32\gpapi.dll
0x00007ffd2fc90000 - 0x00007ffd2fccb000 	C:\WINDOWS\SYSTEM32\dxcore.dll
0x00007ffd39770000 - 0x00007ffd397be000 	C:\WINDOWS\System32\cfgmgr32.dll
0x00007ffd2f610000 - 0x00007ffd2f7eb000 	C:\WINDOWS\System32\DriverStore\FileRepository\u0361708.inf_amd64_7de6b99937f60751\B358199\aticfx64.dll
0x00007ffd29880000 - 0x00007ffd298b3000 	C:\WINDOWS\System32\DriverStore\FileRepository\u0361708.inf_amd64_7de6b99937f60751\B358199\atiu9p64.dll
0x00007ffcc68d0000 - 0x00007ffcc7566000 	C:\WINDOWS\System32\DriverStore\FileRepository\u0361708.inf_amd64_7de6b99937f60751\B358199\atiumd64.dll
0x000000006eb20000 - 0x000000006f99d000 	C:\WINDOWS\System32\DriverStore\FileRepository\u0361708.inf_amd64_7de6b99937f60751\B358199\atiumd6a.dll
0x00007ffd395e0000 - 0x00007ffd3962b000 	C:\WINDOWS\SYSTEM32\POWRPROF.dll
0x00007ffd395c0000 - 0x00007ffd395d2000 	C:\WINDOWS\SYSTEM32\UMPDC.dll
0x00007ffd2d550000 - 0x00007ffd2d57f000 	C:\WINDOWS\SYSTEM32\amdihk64.dll
0x00007ffd291d0000 - 0x00007ffd291e4000 	C:\Program Files\Java\javafx-sdk-16\bin\javafx_font.dll
0x00007ffd0f550000 - 0x00007ffd0f7cf000 	C:\WINDOWS\SYSTEM32\dwrite.dll
0x00007ffd27530000 - 0x00007ffd2755d000 	C:\Program Files\Java\javafx-sdk-16\bin\javafx_iio.dll
0x00007ffd32ae0000 - 0x00007ffd32c94000 	C:\WINDOWS\SYSTEM32\WindowsCodecs.dll
0x00007ffd0d560000 - 0x00007ffd0d59e000 	C:\WINDOWS\system32\dataexchange.dll
0x00007ffd36170000 - 0x00007ffd36355000 	C:\WINDOWS\system32\dcomp.dll
0x00007ffd35380000 - 0x00007ffd355e4000 	C:\WINDOWS\system32\d3d11.dll

dbghelp: loaded successfully - version: 4.0.5 - missing functions: none
symbol engine: initialized successfully - sym options: 0x614 - pdb path: .;C:\Program Files\Java\jdk-16\bin;C:\WINDOWS\SYSTEM32;C:\WINDOWS\WinSxS\amd64_microsoft.windows.common-controls_6595b64144ccf1df_6.0.19041.844_none_ca00b6081b84eb1d;C:\Program Files\Java\jdk-16\bin\server;C:\Program Files\Java\javafx-sdk-16\bin;C:\WINDOWS\System32\DriverStore\FileRepository\nvami.inf_amd64_ca06fe09fead137d;C:\WINDOWS\System32\DriverStore\FileRepository\u0361708.inf_amd64_7de6b99937f60751\B358199;C:\Program Files\Common Files\Microsoft Shared\Ink

VM Arguments:
jvm_args: -Dfile.encoding=UTF-8 --module-path=C:\Program Files\Java\javafx-sdk-16\lib --add-modules=javafx.controls,javafx.fxml,javafx.media 
java_command: clementine.Clementine
java_class_path (initial): C:\Program Files\Java\javafx-sdk-16\lib\javafx-swt.jar;C:\Program Files\Java\javafx-sdk-16\lib\javafx.base.jar;C:\Program Files\Java\javafx-sdk-16\lib\javafx.controls.jar;C:\Program Files\Java\javafx-sdk-16\lib\javafx.fxml.jar;C:\Program Files\Java\javafx-sdk-16\lib\javafx.graphics.jar;C:\Program Files\Java\javafx-sdk-16\lib\javafx.media.jar;C:\Program Files\Java\javafx-sdk-16\lib\javafx.swing.jar;C:\Program Files\Java\javafx-sdk-16\lib\javafx.web.jar;C:\Program Files\Java\javafx-sdk-16\lib\controlsfx-8.40.13.jar;X:\HCIv3\ClementineMusicPlayer-Javafx\Clementine\build\classes
Launcher Type: SUN_STANDARD

[Global flags]
     intx CICompilerCount                          = 4                                         {product} {ergonomic}
     uint ConcGCThreads                            = 2                                         {product} {ergonomic}
     uint G1ConcRefinementThreads                  = 8                                         {product} {ergonomic}
   size_t G1HeapRegionSize                         = 2097152                                   {product} {ergonomic}
    uintx GCDrainStackTargetSize                   = 64                                        {product} {ergonomic}
   size_t InitialHeapSize                          = 266338304                                 {product} {ergonomic}
   size_t MarkStackSize                            = 4194304                                   {product} {ergonomic}
   size_t MaxHeapSize                              = 4244635648                                {product} {ergonomic}
   size_t MaxNewSize                               = 2545942528                                {product} {ergonomic}
   size_t MinHeapDeltaBytes                        = 2097152                                   {product} {ergonomic}
   size_t MinHeapSize                              = 8388608                                   {product} {ergonomic}
    uintx NonNMethodCodeHeapSize                   = 5839372                                {pd product} {ergonomic}
    uintx NonProfiledCodeHeapSize                  = 122909434                              {pd product} {ergonomic}
    uintx ProfiledCodeHeapSize                     = 122909434                              {pd product} {ergonomic}
    uintx ReservedCodeCacheSize                    = 251658240                              {pd product} {ergonomic}
     bool SegmentedCodeCache                       = true                                      {product} {ergonomic}
   size_t SoftMaxHeapSize                          = 4244635648                             {manageable} {ergonomic}
     bool UseCompressedClassPointers               = true                           {product lp64_product} {ergonomic}
     bool UseCompressedOops                        = true                           {product lp64_product} {ergonomic}
     bool UseG1GC                                  = true                                      {product} {ergonomic}
     bool UseLargePagesIndividualAllocation        = false                                  {pd product} {ergonomic}

Logging:
Log output configuration:
 #0: stdout all=warning uptime,level,tags
 #1: stderr all=off uptime,level,tags

Environment Variables:
JAVA_HOME=C:\Program Files\Java\jdk-16
PATH=C:\Python39\Scripts\;C:\Python39\;C:\Program Files\Common Files\Oracle\Java\javapath;C:\Program Files (x86)\Common Files\Intel\Shared Libraries\redist\intel64_win\compiler;C:\Program Files (x86)\Common Files\Intel\Shared Libraries\redist\intel64\compiler;C:\Program Files (x86)\Python38-32\Scripts\;C:\Program Files (x86)\Python38-32\;C:\Windows\system32;C:\Windows;C:\Windows\System32\Wbem;C:\Windows\System32\WindowsPowerShell\v1.0\;C:\Windows\System32\OpenSSH\;C:\Program Files (x86)\NVIDIA Corporation\PhysX\Common;C:\WINDOWS\system32;C:\WINDOWS;C:\WINDOWS\System32\Wbem;C:\WINDOWS\System32\WindowsPowerShell\v1.0\;C:\WINDOWS\System32\OpenSSH\;C:\Program Files\NVIDIA Corporation\NVIDIA NvDLISR;C:\ProgramData\chocolatey\bin;D:\Matlab\Install R2018b\runtime\win64;D:\Matlab\Install R2018b\bin;C:\Program Files\Git\cmd;C:\Program Files\dotnet\;C:\WINDOWS\system32;C:\WINDOWS;C:\WINDOWS\System32\Wbem;C:\WINDOWS\System32\WindowsPowerShell\v1.0\;C:\WINDOWS\System32\OpenSSH\;C:\Program Files\Microsoft SQL Server\130\Tools\Binn\;C:\Program Files\Microsoft SQL Server\Client SDK\ODBC\170\Tools\Binn\;C:\Program Files\nodejs\;C:\Users\ASUS\AppData\Local\Microsoft\WindowsApps;C:\Program Files\JetBrains\PyCharm Community Edition 2019.3.3\bin;;C:\Users\ASUS\AppData\Local\Programs\Microsoft VS Code\bin;C:\MinGW\bin;C:\src\flutter\bin;C:\Users\ASUS\.dotnet\tools;C:\Users\ASUS\AppData\Local\Android\Sdk\platform-tools;C:\Users\ASUS\AppData\Roaming\npm
USERNAME=ASUS
OS=Windows_NT
PROCESSOR_IDENTIFIER=AMD64 Family 23 Model 24 Stepping 1, AuthenticAMD



---------------  S Y S T E M  ---------------

OS:
 Windows 10 , 64 bit Build 19041 (10.0.19041.928)
OS uptime: 0 days 4:57 hours

CPU: total 8 (initial active 8) (8 cores per cpu, 2 threads per core) family 23 model 24 stepping 1 microcode 0x0, cx8, cmov, fxsr, ht, mmx, 3dnowpref, sse, sse2, sse3, ssse3, sse4a, sse4.1, sse4.2, popcnt, lzcnt, tsc, tscinvbit, avx, avx2, aes, clmul, bmi1, bmi2, adx, sha, fma, vzeroupper, clflush, clflushopt

Memory: 4k page, system-wide physical 16191M (6469M free)
TotalPageFile size 46306M (AvailPageFile size 4M)
current process WorkingSet (physical memory assigned to process): 241M, peak: 241M
current process commit charge ("private bytes"): 540M, peak: 543M

vm_info: Java HotSpot(TM) 64-Bit Server VM (16+36-2231) for windows-amd64 JRE (16+36-2231), built on Feb  8 2021 11:43:10 by "mach5one" with MS VC++ 16.7 (VS2019)

END.
