#
# There is insufficient memory for the Java Runtime Environment to continue.
# Native memory allocation (malloc) failed to allocate 1048576 bytes for AllocateHeap
# Possible reasons:
#   The system is out of physical RAM or swap space
#   The process is running with CompressedOops enabled, and the Java Heap may be blocking the growth of the native heap
# Possible solutions:
#   Reduce memory load on the system
#   Increase physical memory or swap space
#   Check if swap backing store is full
#   Decrease Java heap size (-Xmx/-Xms)
#   Decrease number of Java threads
#   Decrease Java thread stack sizes (-Xss)
#   Set larger code cache with -XX:ReservedCodeCacheSize=
#   JVM is running with Unscaled Compressed Oops mode in which the Java heap is
#     placed in the first 4GB address space. The Java Heap base address is the
#     maximum limit for the native heap growth. Please use -XX:HeapBaseMinAddress
#     to set the Java Heap base and to place the Java Heap above 4GB virtual address.
# This output file may be truncated or incomplete.
#
#  Out of Memory Error (allocation.cpp:44), pid=14968, tid=14852
#
# JRE version:  (16.0+36) (build )
# Java VM: Java HotSpot(TM) 64-Bit Server VM (16+36-2231, mixed mode, sharing, tiered, compressed oops, g1 gc, windows-amd64)
# No core dump will be written. Minidumps are not enabled by default on client versions of Windows
#

---------------  S U M M A R Y ------------

Command Line: -Dapplication.home=C:\Program Files\Java\jdk-16 --add-modules=ALL-DEFAULT -Xms8m -Djdk.module.main=jdk.compiler jdk.compiler/com.sun.tools.javac.Main -d X:\HCIv3\ClementineMusicPlayer-Javafx\Clementine\build\classes -classpath X:\HCIv3\ClementineMusicPlayer-Javafx\Clementine\build\classes;C:\Program Files\Java\javafx-sdk-16\lib\javafx-swt.jar;C:\Program Files\Java\javafx-sdk-16\lib\javafx.base.jar;C:\Program Files\Java\javafx-sdk-16\lib\javafx.controls.jar;C:\Program Files\Java\javafx-sdk-16\lib\javafx.fxml.jar;C:\Program Files\Java\javafx-sdk-16\lib\javafx.graphics.jar;C:\Program Files\Java\javafx-sdk-16\lib\javafx.media.jar;C:\Program Files\Java\javafx-sdk-16\lib\javafx.swing.jar;C:\Program Files\Java\javafx-sdk-16\lib\javafx.web.jar;C:\Program Files\Java\javafx-sdk-16\lib\controlsfx-8.40.13.jar -sourcepath X:\HCIv3\ClementineMusicPlayer-Javafx\Clementine\build\empty -target 16 -encoding UTF-8 -g -processorpath C:\Program Files\Java\javafx-sdk-16\lib\javafx-swt.jar;C:\Program Files\Java\javafx-sdk-16\lib\javafx.base.jar;C:\Program Files\Java\javafx-sdk-16\lib\javafx.controls.jar;C:\Program Files\Java\javafx-sdk-16\lib\javafx.fxml.jar;C:\Program Files\Java\javafx-sdk-16\lib\javafx.graphics.jar;C:\Program Files\Java\javafx-sdk-16\lib\javafx.media.jar;C:\Program Files\Java\javafx-sdk-16\lib\javafx.swing.jar;C:\Program Files\Java\javafx-sdk-16\lib\javafx.web.jar;C:\Program Files\Java\javafx-sdk-16\lib\controlsfx-8.40.13.jar;X:\HCIv3\ClementineMusicPlayer-Javafx\Clementine\build\empty -s X:\HCIv3\ClementineMusicPlayer-Javafx\Clementine\build\generated-sources\ap-source-output -source 16 @C:\Users\ASUS\AppData\Local\Temp\files9075211576627809638

Host: AMD Ryzen 7 3750H with Radeon Vega Mobile Gfx  , 8 cores, 15G,  Windows 10 , 64 bit Build 19041 (10.0.19041.928)
Time: Sat May 15 22:28:23 2021 Sri Lanka Standard Time elapsed time: 0.013914 seconds (0d 0h 0m 0s)

---------------  T H R E A D  ---------------

Current thread (0x00000282ef451b00):  JavaThread "Unknown thread" [_thread_in_vm, id=14852, stack(0x000000a8daa00000,0x000000a8dab00000)]

Stack: [0x000000a8daa00000,0x000000a8dab00000]
Native frames: (J=compiled Java code, j=interpreted, Vv=VM code, C=native code)
V  [jvm.dll+0x6681da]
V  [jvm.dll+0x7c9d99]
V  [jvm.dll+0x7cb4d3]
V  [jvm.dll+0x7cbb33]
V  [jvm.dll+0x242ee5]
V  [jvm.dll+0xa8742]
V  [jvm.dll+0x2ce364]
V  [jvm.dll+0x79c65c]
V  [jvm.dll+0x3607b1]
V  [jvm.dll+0x77a370]
V  [jvm.dll+0x3e501f]
V  [jvm.dll+0x3e6af1]
C  [jli.dll+0x52fb]
C  [ucrtbase.dll+0x21bb2]
C  [KERNEL32.DLL+0x17034]
C  [ntdll.dll+0x52651]


---------------  P R O C E S S  ---------------

Threads class SMR info:
_java_thread_list=0x00007ffcc983cbb8, length=0, elements={
}

Java Threads: ( => current thread )

Other Threads:

=>0x00000282ef451b00 (exited) JavaThread "Unknown thread" [_thread_in_vm, id=14852, stack(0x000000a8daa00000,0x000000a8dab00000)]

Threads with active compile tasks:

VM state: not at safepoint (not fully initialized)

VM Mutex/Monitor currently owned by a thread: None

Heap address: 0x0000000000000000, size: 0 MB, Compressed Oops mode: 32-bit
CDS archive(s) mapped at: [0x0000000000000000-0x0000000000000000-0x0000000000000000), size 0, SharedBaseAddress: 0x0000000800000000, ArchiveRelocationMode: 0.
Narrow klass base: 0x0000000000000000, Narrow klass shift: 0, Narrow klass range: 0x0

GC Precious Log:
<Empty>

GC Heap History (0 events):
No events

Deoptimization events (0 events):
No events

Classes unloaded (0 events):
No events

Classes redefined (0 events):
No events

Internal exceptions (0 events):
No events

Events (1 events):
Event: 0.009 Loaded shared library C:\Program Files\Java\jdk-16\bin\java.dll


Dynamic libraries:
0x00007ff6a3910000 - 0x00007ff6a3918000 	C:\Program Files\Java\jdk-16\bin\javac.exe
0x00007ffd3c030000 - 0x00007ffd3c225000 	C:\WINDOWS\SYSTEM32\ntdll.dll
0x00007ffd3be50000 - 0x00007ffd3bf0d000 	C:\WINDOWS\System32\KERNEL32.DLL
0x00007ffd39ad0000 - 0x00007ffd39d98000 	C:\WINDOWS\System32\KERNELBASE.dll
0x00007ffd39f90000 - 0x00007ffd3a090000 	C:\WINDOWS\System32\ucrtbase.dll
0x00007ffd35260000 - 0x00007ffd35279000 	C:\Program Files\Java\jdk-16\bin\VCRUNTIME140.dll
0x00007ffd37f30000 - 0x00007ffd37f48000 	C:\Program Files\Java\jdk-16\bin\jli.dll
0x00007ffd3aaa0000 - 0x00007ffd3ab4c000 	C:\WINDOWS\System32\ADVAPI32.dll
0x00007ffd3ae80000 - 0x00007ffd3af1e000 	C:\WINDOWS\System32\msvcrt.dll
0x00007ffd3bc80000 - 0x00007ffd3bd1b000 	C:\WINDOWS\System32\sechost.dll
0x00007ffd3ac20000 - 0x00007ffd3ad4b000 	C:\WINDOWS\System32\RPCRT4.dll
0x00007ffd3b120000 - 0x00007ffd3b2c0000 	C:\WINDOWS\System32\USER32.dll
0x00007ffd397c0000 - 0x00007ffd397e2000 	C:\WINDOWS\System32\win32u.dll
0x00007ffd27de0000 - 0x00007ffd2807a000 	C:\WINDOWS\WinSxS\amd64_microsoft.windows.common-controls_6595b64144ccf1df_6.0.19041.844_none_ca00b6081b84eb1d\COMCTL32.dll
0x00007ffd3a090000 - 0x00007ffd3a0ba000 	C:\WINDOWS\System32\GDI32.dll
0x00007ffd39dd0000 - 0x00007ffd39edb000 	C:\WINDOWS\System32\gdi32full.dll
0x00007ffd399d0000 - 0x00007ffd39a6d000 	C:\WINDOWS\System32\msvcp_win.dll
0x00007ffd37f10000 - 0x00007ffd37f1a000 	C:\WINDOWS\SYSTEM32\VERSION.dll
0x00007ffd3af20000 - 0x00007ffd3af50000 	C:\WINDOWS\System32\IMM32.DLL
0x00007ffd35350000 - 0x00007ffd3535c000 	C:\Program Files\Java\jdk-16\bin\vcruntime140_1.dll
0x00007ffd1c7b0000 - 0x00007ffd1c841000 	C:\Program Files\Java\jdk-16\bin\msvcp140.dll
0x00007ffcc8d30000 - 0x00007ffcc98db000 	C:\Program Files\Java\jdk-16\bin\server\jvm.dll
0x00007ffd3bf80000 - 0x00007ffd3bf88000 	C:\WINDOWS\System32\PSAPI.DLL
0x00007ffd2f5e0000 - 0x00007ffd2f607000 	C:\WINDOWS\SYSTEM32\WINMM.dll
0x00007ffd25320000 - 0x00007ffd25329000 	C:\WINDOWS\SYSTEM32\WSOCK32.dll
0x00007ffd3bf10000 - 0x00007ffd3bf7b000 	C:\WINDOWS\System32\WS2_32.dll
0x00007ffd38020000 - 0x00007ffd38032000 	C:\WINDOWS\SYSTEM32\kernel.appcore.dll
0x00007ffd35300000 - 0x00007ffd3530a000 	C:\Program Files\Java\jdk-16\bin\jimage.dll
0x00007ffd31580000 - 0x00007ffd31764000 	C:\WINDOWS\SYSTEM32\DBGHELP.DLL
0x00007ffd25de0000 - 0x00007ffd25e0c000 	C:\WINDOWS\SYSTEM32\dbgcore.DLL
0x00007ffd39950000 - 0x00007ffd399d0000 	C:\WINDOWS\System32\bcryptPrimitives.dll
0x00007ffd29a90000 - 0x00007ffd29ab5000 	C:\Program Files\Java\jdk-16\bin\java.dll

dbghelp: loaded successfully - version: 4.0.5 - missing functions: none
symbol engine: initialized successfully - sym options: 0x614 - pdb path: .;C:\Program Files\Java\jdk-16\bin;C:\WINDOWS\SYSTEM32;C:\WINDOWS\WinSxS\amd64_microsoft.windows.common-controls_6595b64144ccf1df_6.0.19041.844_none_ca00b6081b84eb1d;C:\Program Files\Java\jdk-16\bin\server

VM Arguments:
jvm_args: -Dapplication.home=C:\Program Files\Java\jdk-16 --add-modules=ALL-DEFAULT -Xms8m -Djdk.module.main=jdk.compiler 
java_command: jdk.compiler/com.sun.tools.javac.Main -d X:\HCIv3\ClementineMusicPlayer-Javafx\Clementine\build\classes -classpath X:\HCIv3\ClementineMusicPlayer-Javafx\Clementine\build\classes;C:\Program Files\Java\javafx-sdk-16\lib\javafx-swt.jar;C:\Program Files\Java\javafx-sdk-16\lib\javafx.base.jar;C:\Program Files\Java\javafx-sdk-16\lib\javafx.controls.jar;C:\Program Files\Java\javafx-sdk-16\lib\javafx.fxml.jar;C:\Program Files\Java\javafx-sdk-16\lib\javafx.graphics.jar;C:\Program Files\Java\javafx-sdk-16\lib\javafx.media.jar;C:\Program Files\Java\javafx-sdk-16\lib\javafx.swing.jar;C:\Program Files\Java\javafx-sdk-16\lib\javafx.web.jar;C:\Program Files\Java\javafx-sdk-16\lib\controlsfx-8.40.13.jar -sourcepath X:\HCIv3\ClementineMusicPlayer-Javafx\Clementine\build\empty -target 16 -encoding UTF-8 -g -processorpath C:\Program Files\Java\javafx-sdk-16\lib\javafx-swt.jar;C:\Program Files\Java\javafx-sdk-16\lib\javafx.base.jar;C:\Program Files\Java\javafx-sdk-16\lib\javafx.controls.jar;C:\Program Files\Java\javafx-sdk-16\lib\javafx.fxml.jar;C:\Program Files\Java\javafx-sdk-16\lib\javafx.graphics.jar;C:\Program Files\Java\javafx-sdk-16\lib\javafx.media.jar;C:\Program Files\Java\javafx-sdk-16\lib\javafx.swing.jar;C:\Program Files\Java\javafx-sdk-16\lib\javafx.web.jar;C:\Program Files\Java\javafx-sdk-16\lib\controlsfx-8.40.13.jar;X:\HCIv3\ClementineMusicPlayer-Javafx\Clementine\build\empty -s X:\HCIv3\ClementineMusicPlayer-Javafx\Clementine\build\generated-sources\ap-source-output -source 16 @C:\Users\ASUS\AppData\Local\Temp\files9075211576627809638
java_class_path (initial): <not set>
Launcher Type: SUN_STANDARD

[Global flags]
     intx CICompilerCount                          = 4                                         {product} {ergonomic}
     uint ConcGCThreads                            = 2                                         {product} {ergonomic}
     uint G1ConcRefinementThreads                  = 8                                         {product} {ergonomic}
   size_t G1HeapRegionSize                         = 2097152                                   {product} {ergonomic}
    uintx GCDrainStackTargetSize                   = 64                                        {product} {ergonomic}
   size_t InitialHeapSize                          = 8388608                                   {product} {command line}
   size_t MarkStackSize                            = 4194304                                   {product} {ergonomic}
   size_t MaxHeapSize                              = 4244635648                                {product} {ergonomic}
   size_t MinHeapDeltaBytes                        = 2097152                                   {product} {ergonomic}
   size_t MinHeapSize                              = 8388608                                   {product} {command line}
    uintx NonNMethodCodeHeapSize                   = 5839372                                {pd product} {ergonomic}
    uintx NonProfiledCodeHeapSize                  = 122909434                              {pd product} {ergonomic}
    uintx ProfiledCodeHeapSize                     = 122909434                              {pd product} {ergonomic}
    uintx ReservedCodeCacheSize                    = 251658240                              {pd product} {ergonomic}
     bool SegmentedCodeCache                       = true                                      {product} {ergonomic}
   size_t SoftMaxHeapSize                          = 4244635648                             {manageable} {ergonomic}
     bool UseCompressedClassPointers               = true                           {product lp64_product} {ergonomic}
     bool UseCompressedOops                        = true                           {product lp64_product} {ergonomic}
     bool UseG1GC                                  = true                                      {product} {ergonomic}
     bool UseLargePagesIndividualAllocation        = false                                  {pd product} {ergonomic}

Logging:
Log output configuration:
 #0: stdout all=warning uptime,level,tags
 #1: stderr all=off uptime,level,tags

Environment Variables:
JAVA_HOME=C:\Program Files\Java\jdk-16
PATH=C:\Python39\Scripts\;C:\Python39\;C:\Program Files\Common Files\Oracle\Java\javapath;C:\Program Files (x86)\Common Files\Intel\Shared Libraries\redist\intel64_win\compiler;C:\Program Files (x86)\Common Files\Intel\Shared Libraries\redist\intel64\compiler;C:\Program Files (x86)\Python38-32\Scripts\;C:\Program Files (x86)\Python38-32\;C:\Windows\system32;C:\Windows;C:\Windows\System32\Wbem;C:\Windows\System32\WindowsPowerShell\v1.0\;C:\Windows\System32\OpenSSH\;C:\Program Files (x86)\NVIDIA Corporation\PhysX\Common;C:\WINDOWS\system32;C:\WINDOWS;C:\WINDOWS\System32\Wbem;C:\WINDOWS\System32\WindowsPowerShell\v1.0\;C:\WINDOWS\System32\OpenSSH\;C:\Program Files\NVIDIA Corporation\NVIDIA NvDLISR;C:\ProgramData\chocolatey\bin;D:\Matlab\Install R2018b\runtime\win64;D:\Matlab\Install R2018b\bin;C:\Program Files\Git\cmd;C:\Program Files\dotnet\;C:\WINDOWS\system32;C:\WINDOWS;C:\WINDOWS\System32\Wbem;C:\WINDOWS\System32\WindowsPowerShell\v1.0\;C:\WINDOWS\System32\OpenSSH\;C:\Program Files\Microsoft SQL Server\130\Tools\Binn\;C:\Program Files\Microsoft SQL Server\Client SDK\ODBC\170\Tools\Binn\;C:\Program Files\nodejs\;C:\Users\ASUS\AppData\Local\Microsoft\WindowsApps;C:\Program Files\JetBrains\PyCharm Community Edition 2019.3.3\bin;;C:\Users\ASUS\AppData\Local\Programs\Microsoft VS Code\bin;C:\MinGW\bin;C:\src\flutter\bin;C:\Users\ASUS\.dotnet\tools;C:\Users\ASUS\AppData\Local\Android\Sdk\platform-tools;C:\Users\ASUS\AppData\Roaming\npm
USERNAME=ASUS
OS=Windows_NT
PROCESSOR_IDENTIFIER=AMD64 Family 23 Model 24 Stepping 1, AuthenticAMD



---------------  S Y S T E M  ---------------

OS:
 Windows 10 , 64 bit Build 19041 (10.0.19041.928)
OS uptime: 0 days 4:54 hours

CPU: total 8 (initial active 8) (8 cores per cpu, 2 threads per core) family 23 model 24 stepping 1 microcode 0x0, cx8, cmov, fxsr, ht, mmx, 3dnowpref, sse, sse2, sse3, ssse3, sse4a, sse4.1, sse4.2, popcnt, lzcnt, tsc, tscinvbit, avx, avx2, aes, clmul, bmi1, bmi2, adx, sha, fma, vzeroupper, clflush, clflushopt

Memory: 4k page, system-wide physical 16191M (6300M free)
TotalPageFile size 46306M (AvailPageFile size 4M)
current process WorkingSet (physical memory assigned to process): 9M, peak: 9M
current process commit charge ("private bytes"): 11M, peak: 12M

vm_info: Java HotSpot(TM) 64-Bit Server VM (16+36-2231) for windows-amd64 JRE (16+36-2231), built on Feb  8 2021 11:43:10 by "mach5one" with MS VC++ 16.7 (VS2019)

END.
